<?xml version="1.0" encoding="UTF-8"?>
<!-- Generated by org.testng.reporters.JUnitReportReporter -->
<testsuite hostname="Asus" failures="0" tests="1" name="Practice.Demo1" time="0.007" errors="0" timestamp="2023-07-13T10:54:33 IST" skipped="0">
  <testcase classname="Practice.Demo1" name="m1" time="0.007"/>
  <system-out/>
</testsuite> <!-- Practice.Demo1 -->
